<?xml version="1.0" encoding="UTF-8"?>
<!-- Generated by org.testng.reporters.JUnitXMLReporter -->
<testsuite ignored="1" hostname="DESKTOP-T9I55GF" failures="0" tests="1" name="ACME" time="15.18" errors="0" timestamp="2025-02-26T22:13:50 IST">
  <testcase classname="ACMEproject.Tests.LoginModule.LoginTestCases" name="checkloginsuccessfully" time="13.969"/>
  <testcase classname="ACMEproject.Framework.ExecutionDriver" name="@BeforeSuite setUp" time="0.0">
    <ignored/>
  </testcase> <!-- @BeforeSuite setUp -->
</testsuite> <!-- ACME -->
