<?xml version="1.0" encoding="UTF-8"?>
<!-- Generated by org.testng.reporters.JUnitXMLReporter -->
<testsuite ignored="1" hostname="DESKTOP-T9I55GF" failures="0" tests="5" name="ACME" time="33.048" errors="0" timestamp="2025-08-10T17:09:23 IST">
  <testcase classname="Tests.LoginTestCases" name="checkloginsuccessfully" time="5.619"/>
  <testcase classname="Tests.LoginTestCases" name="checkInvalidLoginCred" time="12.068"/>
  <testcase classname="Tests.LoginTestCases" name="checkRegisrtation" time="4.075"/>
  <testcase classname="Tests.UserOptionsTestCases" name="checkDownloadClientandSupportMenu" time="2.901"/>
  <testcase classname="Tests.UserOptionsTestCases" name="CheckDownloadLegacySystemreport" time="0.368"/>
  <testcase classname="ACMEproject.Framework.ExecutionDriver" name="@BeforeSuite setUp" time="0.0">
    <ignored/>
  </testcase> <!-- @BeforeSuite setUp -->
</testsuite> <!-- ACME -->
